<?xml version="1.0" encoding="UTF-8"?>
<!-- Generated by org.testng.reporters.JUnitReportReporter -->
<testsuite hostname="DESKTOP-BCLH6U7" failures="0" tests="3" name="Academy.HomePage" time="11.799" errors="0" timestamp="14 Dec 2020 10:11:07 GMT">
  <testcase classname="Academy.HomePage" name="basePageNavigation" time="3.130"/>
  <testcase classname="Academy.HomePage" name="basePageNavigation" time="5.508"/>
  <testcase classname="Academy.HomePage" name="basePageNavigation" time="3.161"/>
</testsuite> <!-- Academy.HomePage -->
